<?xml version="1.0" encoding="UTF-8"?>
<!-- Generated by org.testng.reporters.JUnitReportReporter -->
<testsuite hostname="BDC9-LX-F27R3RN" failures="0" tests="6" name="RestAPI.DemoProject.ComplexJsonParse" time="1.988" errors="0" timestamp="2021-06-04T11:04:00 IST" skipped="0">
  <testcase classname="RestAPI.DemoProject.ComplexJsonParse" name="noOfCourses" time="0.017"/>
  <system-out/>
  <testcase classname="RestAPI.DemoProject.ComplexJsonParse" name="printTitleFirstCourse" time="0.017"/>
  <system-out/>
  <testcase classname="RestAPI.DemoProject.ComplexJsonParse" name="printPurchaseAmount" time="0.022"/>
  <system-out/>
  <testcase classname="RestAPI.DemoProject.ComplexJsonParse" name="noOfCopiesRPA" time="1.618"/>
  <system-out/>
  <testcase classname="RestAPI.DemoProject.ComplexJsonParse" name="printAllCourseTitlePrices" time="0.151"/>
  <system-out/>
  <testcase classname="RestAPI.DemoProject.ComplexJsonParse" name="sumValidation" time="0.163"/>
  <system-out/>
</testsuite> <!-- RestAPI.DemoProject.ComplexJsonParse -->
