<?xml version="1.0" encoding="UTF-8"?>
<!-- Generated by org.testng.reporters.JUnitReportReporter -->
<testsuite hostname="BDC9-LX-F27R3RN" failures="0" tests="3" name="RestAPI.DemoProject.DynamicJson" time="4.290" errors="0" timestamp="2021-06-05T15:17:44 IST" skipped="0">
  <testcase classname="RestAPI.DemoProject.DynamicJson" name="addBook" time="0.232"/>
  <system-out/>
  <testcase classname="RestAPI.DemoProject.DynamicJson" name="addBook" time="0.171"/>
  <system-out/>
  <testcase classname="RestAPI.DemoProject.DynamicJson" name="addBook" time="3.887"/>
  <system-out/>
</testsuite> <!-- RestAPI.DemoProject.DynamicJson -->
